[debug] [2024-12-31T11:04:30.279Z] ----------------------------------------------------------------------
[debug] [2024-12-31T11:04:30.285Z] Command:       D:\Program Files\node.exe C:\Users\user\AppData\Roaming\npm\node_modules\firebase-tools\lib\bin\firebase.js init
[debug] [2024-12-31T11:04:30.286Z] CLI Version:   13.29.1
[debug] [2024-12-31T11:04:30.287Z] Platform:      win32
[debug] [2024-12-31T11:04:30.287Z] Node Version:  v22.11.0
[debug] [2024-12-31T11:04:30.288Z] Time:          Tue Dec 31 2024 16:04:30 GMT+0500 (Pakistan Standard Time)
[debug] [2024-12-31T11:04:30.288Z] ----------------------------------------------------------------------
[debug] 
[debug] [2024-12-31T11:04:30.304Z] > command requires scopes: ["email","openid","https://www.googleapis.com/auth/cloudplatformprojects.readonly","https://www.googleapis.com/auth/firebase","https://www.googleapis.com/auth/cloud-platform"]
[debug] [2024-12-31T11:04:30.305Z] > authorizing via signed-in user (vrhealer97@gmail.com)
[info] 
     ######## #### ########  ######## ########     ###     ######  ########
     ##        ##  ##     ## ##       ##     ##  ##   ##  ##       ##
     ######    ##  ########  ######   ########  #########  ######  ######
     ##        ##  ##    ##  ##       ##     ## ##     ##       ## ##
     ##       #### ##     ## ######## ########  ##     ##  ######  ########

You're about to initialize a Firebase project in this directory:

  C:\Users\user\VRHealer

[info] 
=== Project Setup
[info] 
[info] First, let's associate this project directory with a Firebase project.
[info] You can create multiple project aliases by running firebase use --add, 
[info] but for now we'll just set up a default project.
[info] 
[debug] [2024-12-31T11:05:40.815Z] Checked if tokens are valid: true, expires at: 1735646519966
[debug] [2024-12-31T11:05:40.815Z] Checked if tokens are valid: true, expires at: 1735646519966
[debug] [2024-12-31T11:05:40.817Z] >>> [apiv2][query] GET https://firebase.googleapis.com/v1beta1/projects pageSize=100
[debug] [2024-12-31T11:05:41.651Z] <<< [apiv2][status] GET https://firebase.googleapis.com/v1beta1/projects 200
[debug] [2024-12-31T11:05:41.651Z] <<< [apiv2][body] GET https://firebase.googleapis.com/v1beta1/projects [omitted]
[info] i  Using project vr-healer-cc2b7 (VR-HEALER) 
[info] 
=== Dataconnect Setup
[debug] [2024-12-31T11:05:47.970Z] Checked if tokens are valid: true, expires at: 1735646519966
[debug] [2024-12-31T11:05:47.971Z] Checked if tokens are valid: true, expires at: 1735646519966
[debug] [2024-12-31T11:05:47.971Z] >>> [apiv2][query] GET https://cloudbilling.googleapis.com/v1/projects/vr-healer-cc2b7/billingInfo [none]
[debug] [2024-12-31T11:05:48.698Z] <<< [apiv2][status] GET https://cloudbilling.googleapis.com/v1/projects/vr-healer-cc2b7/billingInfo 200
[debug] [2024-12-31T11:05:48.698Z] <<< [apiv2][body] GET https://cloudbilling.googleapis.com/v1/projects/vr-healer-cc2b7/billingInfo {"name":"projects/vr-healer-cc2b7/billingInfo","projectId":"vr-healer-cc2b7","billingAccountName":"","billingEnabled":false}
[info] i  dataconnect: ensuring required API sqladmin.googleapis.com is enabled... 
[debug] [2024-12-31T11:05:48.702Z] Checked if tokens are valid: true, expires at: 1735646519966
[debug] [2024-12-31T11:05:48.703Z] Checked if tokens are valid: true, expires at: 1735646519966
[debug] [2024-12-31T11:05:48.704Z] >>> [apiv2][query] GET https://serviceusage.googleapis.com/v1/projects/vr-healer-cc2b7/services/sqladmin.googleapis.com [none]
[debug] [2024-12-31T11:05:48.704Z] >>> [apiv2][(partial)header] GET https://serviceusage.googleapis.com/v1/projects/vr-healer-cc2b7/services/sqladmin.googleapis.com x-goog-quota-user=projects/vr-healer-cc2b7
[debug] [2024-12-31T11:05:50.538Z] <<< [apiv2][status] GET https://serviceusage.googleapis.com/v1/projects/vr-healer-cc2b7/services/sqladmin.googleapis.com 200
[debug] [2024-12-31T11:05:50.539Z] <<< [apiv2][body] GET https://serviceusage.googleapis.com/v1/projects/vr-healer-cc2b7/services/sqladmin.googleapis.com [omitted]
[warn] !  dataconnect: missing required API sqladmin.googleapis.com. Enabling now... 
[debug] [2024-12-31T11:05:50.542Z] Checked if tokens are valid: true, expires at: 1735646519966
[debug] [2024-12-31T11:05:50.543Z] Checked if tokens are valid: true, expires at: 1735646519966
[debug] [2024-12-31T11:05:50.543Z] >>> [apiv2][query] POST https://serviceusage.googleapis.com/v1/projects/vr-healer-cc2b7/services/sqladmin.googleapis.com:enable [none]
[debug] [2024-12-31T11:05:50.543Z] >>> [apiv2][(partial)header] POST https://serviceusage.googleapis.com/v1/projects/vr-healer-cc2b7/services/sqladmin.googleapis.com:enable x-goog-quota-user=projects/vr-healer-cc2b7
[debug] [2024-12-31T11:05:52.379Z] <<< [apiv2][status] POST https://serviceusage.googleapis.com/v1/projects/vr-healer-cc2b7/services/sqladmin.googleapis.com:enable 200
[debug] [2024-12-31T11:05:52.379Z] <<< [apiv2][body] POST https://serviceusage.googleapis.com/v1/projects/vr-healer-cc2b7/services/sqladmin.googleapis.com:enable [omitted]
[debug] [2024-12-31T11:06:02.388Z] Checked if tokens are valid: true, expires at: 1735646519966
[debug] [2024-12-31T11:06:02.389Z] Checked if tokens are valid: true, expires at: 1735646519966
[debug] [2024-12-31T11:06:02.390Z] >>> [apiv2][query] GET https://serviceusage.googleapis.com/v1/projects/vr-healer-cc2b7/services/sqladmin.googleapis.com [none]
[debug] [2024-12-31T11:06:02.390Z] >>> [apiv2][(partial)header] GET https://serviceusage.googleapis.com/v1/projects/vr-healer-cc2b7/services/sqladmin.googleapis.com x-goog-quota-user=projects/vr-healer-cc2b7
[debug] [2024-12-31T11:06:03.951Z] <<< [apiv2][status] GET https://serviceusage.googleapis.com/v1/projects/vr-healer-cc2b7/services/sqladmin.googleapis.com 200
[debug] [2024-12-31T11:06:03.951Z] <<< [apiv2][body] GET https://serviceusage.googleapis.com/v1/projects/vr-healer-cc2b7/services/sqladmin.googleapis.com [omitted]
[info] +  dataconnect: required API sqladmin.googleapis.com is enabled 
[info] +  Wrote dataconnect\dataconnect.yaml 
[info] +  Wrote dataconnect\schema\schema.gql 
[info] +  Wrote dataconnect\connector\connector.yaml 
[info] +  Wrote dataconnect\connector\queries.gql 
[info] +  Wrote dataconnect\connector\mutations.gql 
[info] i  If you'd like to add the generated SDK to your app your, run firebase init dataconnect:sdk 
[info] i  If you'd like to provision a CloudSQL Postgres instance on the Firebase Data Connect no-cost trial:
1. Please upgrade to the pay-as-you-go (Blaze) billing plan. Visit the following page:
     https://console.firebase.google.com/project/vr-healer-cc2b7/usage/details
2. Run firebase init dataconnect again to configure the Cloud SQL instance.
3. Run firebase deploy --only dataconnect to deploy your Data Connect service. 
[info] 
=== Firestore Setup
[debug] [2024-12-31T11:06:04.156Z] Checked if tokens are valid: true, expires at: 1735646519966
[debug] [2024-12-31T11:06:04.156Z] Checked if tokens are valid: true, expires at: 1735646519966
[debug] [2024-12-31T11:06:04.156Z] >>> [apiv2][query] GET https://serviceusage.googleapis.com/v1/projects/vr-healer-cc2b7/services/firestore.googleapis.com [none]
[debug] [2024-12-31T11:06:04.156Z] >>> [apiv2][(partial)header] GET https://serviceusage.googleapis.com/v1/projects/vr-healer-cc2b7/services/firestore.googleapis.com x-goog-quota-user=projects/vr-healer-cc2b7
[debug] [2024-12-31T11:06:05.839Z] <<< [apiv2][status] GET https://serviceusage.googleapis.com/v1/projects/vr-healer-cc2b7/services/firestore.googleapis.com 200
[debug] [2024-12-31T11:06:05.839Z] <<< [apiv2][body] GET https://serviceusage.googleapis.com/v1/projects/vr-healer-cc2b7/services/firestore.googleapis.com [omitted]
[debug] [2024-12-31T11:06:05.840Z] Checked if tokens are valid: true, expires at: 1735646519966
[debug] [2024-12-31T11:06:05.840Z] Checked if tokens are valid: true, expires at: 1735646519966
[debug] [2024-12-31T11:06:05.841Z] >>> [apiv2][query] GET https://firestore.googleapis.com/v1/projects/vr-healer-cc2b7/databases/(default) [none]
[debug] [2024-12-31T11:06:07.427Z] <<< [apiv2][status] GET https://firestore.googleapis.com/v1/projects/vr-healer-cc2b7/databases/(default) 200
[debug] [2024-12-31T11:06:07.427Z] <<< [apiv2][body] GET https://firestore.googleapis.com/v1/projects/vr-healer-cc2b7/databases/(default) {"name":"projects/vr-healer-cc2b7/databases/(default)","uid":"ab90edcf-64a1-4006-9f9c-fee3edcf0fa0","createTime":"2024-12-06T21:50:41.837367Z","updateTime":"2024-12-06T21:50:41.837367Z","locationId":"nam5","type":"FIRESTORE_NATIVE","concurrencyMode":"PESSIMISTIC","versionRetentionPeriod":"3600s","earliestVersionTime":"2024-12-31T10:06:07.442287Z","appEngineIntegrationMode":"DISABLED","keyPrefix":"s","pointInTimeRecoveryEnablement":"POINT_IN_TIME_RECOVERY_DISABLED","deleteProtectionState":"DELETE_PROTECTION_DISABLED","etag":"IKyGz9Pu0YoDMIjcua2HuIoD"}
[debug] [2024-12-31T11:06:07.427Z] database_type: FIRESTORE_NATIVE
[debug] [2024-12-31T11:06:07.428Z] database_type: FIRESTORE_NATIVE
[debug] [2024-12-31T11:06:07.428Z] > command requires scopes: ["email","openid","https://www.googleapis.com/auth/cloudplatformprojects.readonly","https://www.googleapis.com/auth/firebase","https://www.googleapis.com/auth/cloud-platform"]
[debug] [2024-12-31T11:06:07.428Z] > authorizing via signed-in user (vrhealer97@gmail.com)
[debug] [2024-12-31T11:06:07.429Z] [iam] checking project vr-healer-cc2b7 for permissions ["firebase.projects.get"]
[debug] [2024-12-31T11:06:07.429Z] Checked if tokens are valid: true, expires at: 1735646519966
[debug] [2024-12-31T11:06:07.429Z] Checked if tokens are valid: true, expires at: 1735646519966
[debug] [2024-12-31T11:06:07.430Z] >>> [apiv2][query] POST https://cloudresourcemanager.googleapis.com/v1/projects/vr-healer-cc2b7:testIamPermissions [none]
[debug] [2024-12-31T11:06:07.430Z] >>> [apiv2][(partial)header] POST https://cloudresourcemanager.googleapis.com/v1/projects/vr-healer-cc2b7:testIamPermissions x-goog-quota-user=projects/vr-healer-cc2b7
[debug] [2024-12-31T11:06:07.430Z] >>> [apiv2][body] POST https://cloudresourcemanager.googleapis.com/v1/projects/vr-healer-cc2b7:testIamPermissions {"permissions":["firebase.projects.get"]}
[debug] [2024-12-31T11:06:08.951Z] <<< [apiv2][status] POST https://cloudresourcemanager.googleapis.com/v1/projects/vr-healer-cc2b7:testIamPermissions 200
[debug] [2024-12-31T11:06:08.951Z] <<< [apiv2][body] POST https://cloudresourcemanager.googleapis.com/v1/projects/vr-healer-cc2b7:testIamPermissions {"permissions":["firebase.projects.get"]}
[info] 
[info] Firestore Security Rules allow you to define how and when to allow
[info] requests. You can keep these rules in your project directory
[info] and publish them with firebase deploy.
[info] 
